<?xml version="1.0" encoding="UTF-8"?>
<!-- Generated by org.testng.reporters.JUnitReportReporter -->
<testsuite hostname="DESKTOP-J84V3AL" failures="0" tests="1" name="SendKeysDemo" time="45.342" errors="0" timestamp="2025-04-24T23:29:23 IST" skipped="0">
  <testcase classname="SendKeysDemo" name="textBoxEnter" time="45.342"/>
</testsuite> <!-- SendKeysDemo -->
