<?xml version="1.0" encoding="UTF-8"?>
<!-- Generated by org.testng.reporters.JUnitReportReporter -->
<testsuite hostname="DESKTOP-J84V3AL" failures="0" tests="1" name="p2.LaunchingBrowser_InCognito" time="11.446" errors="0" timestamp="2025-05-05T15:06:12 IST" skipped="0">
  <testcase classname="p2.LaunchingBrowser_InCognito" name="launch_Incognito" time="11.446"/>
</testsuite> <!-- p2.LaunchingBrowser_InCognito -->
