<?xml version="1.0" encoding="UTF-8"?>
<!-- Generated by org.testng.reporters.JUnitReportReporter -->
<testsuite hostname="DESKTOP-J84V3AL" failures="0" tests="1" name="LaunchUrlTest" time="11.826" errors="0" timestamp="2025-04-24T23:18:33 IST" skipped="0">
  <testcase classname="LaunchUrlTest" name="launchUrl" time="11.826"/>
</testsuite> <!-- LaunchUrlTest -->
