<?xml version="1.0" encoding="UTF-8"?>
<!-- Generated by org.testng.reporters.JUnitReportReporter -->
<testsuite hostname="DESKTOP-J84V3AL" failures="0" tests="1" name="p2.NestedFrameTest" time="30.500" errors="0" timestamp="2025-05-04T19:01:02 IST" skipped="0">
  <testcase classname="p2.NestedFrameTest" name="frameSwitchTest" time="30.500"/>
</testsuite> <!-- p2.NestedFrameTest -->
