<?xml version="1.0" encoding="UTF-8"?>
<!-- Generated by org.testng.reporters.JUnitReportReporter -->
<testsuite hostname="DESKTOP-J84V3AL" failures="0" tests="2" name="p2.DependdOnMethod" time="0.019" errors="0" timestamp="2025-05-11T17:59:39 IST" skipped="0">
  <testcase classname="p2.DependdOnMethod" name="login" time="0.002"/>
  <testcase classname="p2.DependdOnMethod" name="openBrowser" time="0.017"/>
</testsuite> <!-- p2.DependdOnMethod -->
