<?xml version="1.0" encoding="UTF-8"?>
<!-- Generated by org.testng.reporters.JUnitReportReporter -->
<testsuite hostname="DESKTOP-J84V3AL" failures="0" tests="1" name="p2.SauceLabAssessment" time="6.222" errors="0" timestamp="2025-04-29T17:29:26 IST" skipped="0">
  <testcase classname="p2.SauceLabAssessment" name="sauceDemo" time="6.222"/>
</testsuite> <!-- p2.SauceLabAssessment -->
