<?xml version="1.0" encoding="UTF-8"?>
<!-- Generated by org.testng.reporters.JUnitReportReporter -->
<testsuite hostname="DESKTOP-J84V3AL" failures="0" tests="1" name="p2.DragAndDropDemo" time="25.902" errors="0" timestamp="2025-05-28T19:40:29 IST" skipped="0">
  <testcase classname="p2.DragAndDropDemo" name="frameSwitchTest" time="25.902"/>
</testsuite> <!-- p2.DragAndDropDemo -->
