<?xml version="1.0" encoding="UTF-8"?>
<!-- Generated by org.testng.reporters.JUnitReportReporter -->
<testsuite hostname="DESKTOP-J84V3AL" failures="0" tests="2" name="p2.DependsOnGroupsTest" time="0.002" errors="0" timestamp="2025-05-28T19:22:55 IST" skipped="0">
  <testcase classname="p2.DependsOnGroupsTest" name="ViewAcc" time="0.000"/>
  <testcase classname="p2.DependsOnGroupsTest" name="Login" time="0.002"/>
</testsuite> <!-- p2.DependsOnGroupsTest -->
