<?xml version="1.0" encoding="UTF-8"?>
<!-- Generated by org.testng.reporters.JUnitReportReporter -->
<testsuite hostname="DESKTOP-J84V3AL" failures="0" tests="1" name="p2.LaunchUrlTest" time="18.745" errors="0" timestamp="2025-05-28T19:22:55 IST" skipped="0">
  <testcase classname="p2.LaunchUrlTest" name="launchUrl" time="18.745"/>
</testsuite> <!-- p2.LaunchUrlTest -->
