<?xml version="1.0" encoding="UTF-8"?>
<!-- Generated by org.testng.reporters.JUnitReportReporter -->
<testsuite hostname="DESKTOP-J84V3AL" failures="0" tests="1" name="LaunchUrlTest" time="17.371" errors="0" timestamp="2025-05-28T19:22:55 IST" skipped="0">
  <testcase classname="LaunchUrlTest" name="launchUrl" time="17.371"/>
</testsuite> <!-- LaunchUrlTest -->
